Change Component Designator: Old Designator=C7 New Designator=C?
Change Component Designator: Old Designator=C8 New Designator=C?
Change Component Designator: Old Designator=C9 New Designator=C?
Change Component Designator: Old Designator=C10 New Designator=C?
Change Component Designator: Old Designator=C11 New Designator=C?
Change Component Designator: Old Designator=C12 New Designator=C?
Change Component Designator: Old Designator=C13 New Designator=C?
Change Component Designator: Old Designator=C14 New Designator=C?
Change Component Designator: Old Designator=C15 New Designator=C?
Change Component Designator: Old Designator=C16 New Designator=C?
Change Component Designator: Old Designator=C17 New Designator=C?
Change Component Designator: Old Designator=C18 New Designator=C?
Change Component Designator: Old Designator=C19 New Designator=C?
Change Component Designator: Old Designator=C20 New Designator=C?
Change Component Designator: Old Designator=C21 New Designator=C?
Change Component Designator: Old Designator=Cbyp1 New Designator=Cbyp?
Change Component Designator: Old Designator=Cbyp2 New Designator=Cbyp?
Change Component Designator: Old Designator=Cbyp3 New Designator=Cbyp?
Change Component Designator: Old Designator=Cbyp4 New Designator=Cbyp?
Change Component Designator: Old Designator=Css1 New Designator=Css?
Change Component Designator: Old Designator=Css2 New Designator=Css?
Change Component Designator: Old Designator=Cvcc1 New Designator=Cvcc?
Change Component Designator: Old Designator=Cvcc2 New Designator=Cvcc?
Change Component Designator: Old Designator=L1 New Designator=L?
Change Component Designator: Old Designator=L2 New Designator=L?
Change Component Designator: Old Designator=M1 New Designator=M?
Change Component Designator: Old Designator=M2 New Designator=M?
Change Component Designator: Old Designator=M3 New Designator=M?
Change Component Designator: Old Designator=M4 New Designator=M?
Change Component Designator: Old Designator=R6 New Designator=R?
Change Component Designator: Old Designator=R7 New Designator=R?
Change Component Designator: Old Designator=R8 New Designator=R?
Change Component Designator: Old Designator=R9 New Designator=R?
Change Component Designator: Old Designator=R10 New Designator=R?
Change Component Designator: Old Designator=R11 New Designator=R?
Change Component Designator: Old Designator=R12 New Designator=R?
Change Component Designator: Old Designator=RL1 New Designator=RL?
Change Component Designator: Old Designator=RL2 New Designator=RL?
Change Component Designator: Old Designator=Ron1 New Designator=Ron?
Change Component Designator: Old Designator=RS1 New Designator=RS?
Change Component Designator: Old Designator=RS2 New Designator=RS?
Change Component Designator: Old Designator=U2 New Designator=U?
Change Component Designator: Old Designator=U3 New Designator=U?
Change Component Designator: Old Designator=U4 New Designator=U?
Change Component Designator: Old Designator=U5 New Designator=U?
Change Component Designator: Old Designator=U6 New Designator=U?
Change Component Designator: Old Designator=U7 New Designator=U?
